<?xml version="1.0" encoding="UTF-8"?>
<!-- Generated by org.testng.reporters.JUnitXMLReporter -->
<testsuite ignored="6" hostname="LIN51010313" failures="4" tests="4" name="Test" time="13.649" errors="0" timestamp="2022-11-14T12:03:31 IST">
  <testcase classname="tests.implementation.HomePageTests" name="verifyLoginWithCorrectCredentials" time="1.567">
    <failure type="java.lang.AssertionError" message="expected [ParaBank | Accounts Overview] but found [ParaBank | Error]">
      <![CDATA[java.lang.AssertionError: expected [ParaBank | Accounts Overview] but found [ParaBank | Error]
at tests.implementation.HomePageTests.verifyLoginWithCorrectCredentials(HomePageTests.java:19)
at java.base/java.util.ArrayList.forEach(ArrayList.java:1511)
... Removed 36 stack frames]]>
    </failure>
  </testcase> <!-- verifyLoginWithCorrectCredentials -->
  <testcase classname="tests.implementation.OpenAccountTests" name="verifyOpeningOfCheckingAccount" time="0.001">
    <failure type="java.lang.NullPointerException" message="Cannot invoke &amp;quot;com.parabank.pages.HomePage.loadOpenAccountPage()&amp;quot; because &amp;quot;this.homepage&amp;quot; is null">
      <![CDATA[java.lang.NullPointerException: Cannot invoke "com.parabank.pages.HomePage.loadOpenAccountPage()" because "this.homepage" is null
at tests.implementation.OpenAccountTests.verifyOpeningOfCheckingAccount(OpenAccountTests.java:11)
at java.base/java.util.ArrayList.forEach(ArrayList.java:1511)
... Removed 31 stack frames]]>
    </failure>
  </testcase> <!-- verifyOpeningOfCheckingAccount -->
  <testcase classname="tests.implementation.OpenAccountTests" name="verifyOpeningOfSavingAccount" time="0.001">
    <failure type="java.lang.NullPointerException" message="Cannot invoke &amp;quot;com.parabank.pages.HomePage.loadOpenAccountPage()&amp;quot; because &amp;quot;this.homepage&amp;quot; is null">
      <![CDATA[java.lang.NullPointerException: Cannot invoke "com.parabank.pages.HomePage.loadOpenAccountPage()" because "this.homepage" is null
at tests.implementation.OpenAccountTests.verifyOpeningOfSavingAccount(OpenAccountTests.java:24)
at java.base/java.util.ArrayList.forEach(ArrayList.java:1511)
... Removed 31 stack frames]]>
    </failure>
  </testcase> <!-- verifyOpeningOfSavingAccount -->
  <testcase classname="tests.implementation.BillPayTests" name="verifyBillPaymentAndBothAccountBalances" time="0.001">
    <failure type="java.lang.NullPointerException" message="Cannot invoke &amp;quot;com.parabank.pages.HomePage.loadOpenAccountPage()&amp;quot; because &amp;quot;this.homepage&amp;quot; is null">
      <![CDATA[java.lang.NullPointerException: Cannot invoke "com.parabank.pages.HomePage.loadOpenAccountPage()" because "this.homepage" is null
at tests.implementation.BillPayTests.verifyBillPaymentAndBothAccountBalances(BillPayTests.java:14)
at java.base/java.util.ArrayList.forEach(ArrayList.java:1511)
... Removed 31 stack frames]]>
    </failure>
  </testcase> <!-- verifyBillPaymentAndBothAccountBalances -->
  <testcase classname="tests.implementation.BaseTests" name="@BeforeTest setup" time="0.0">
    <ignored/>
  </testcase> <!-- @BeforeTest setup -->
  <testcase classname="tests.implementation.BaseTests" name="@BeforeTest setup" time="0.0">
    <ignored/>
  </testcase> <!-- @BeforeTest setup -->
  <testcase classname="tests.implementation.BaseTests" name="@BeforeSuite preSetUp" time="0.0">
    <ignored/>
  </testcase> <!-- @BeforeSuite preSetUp -->
  <testcase classname="tests.implementation.BaseTests" name="@BeforeSuite preSetUp" time="0.0">
    <ignored/>
  </testcase> <!-- @BeforeSuite preSetUp -->
  <testcase classname="tests.implementation.BaseTests" name="@AfterSuite tearDown" time="0.0">
    <ignored/>
  </testcase> <!-- @AfterSuite tearDown -->
  <testcase classname="tests.implementation.BaseTests" name="@AfterSuite tearDown" time="0.0">
    <ignored/>
  </testcase> <!-- @AfterSuite tearDown -->
</testsuite> <!-- Test -->
